<?xml version="1.0" encoding="UTF-8"?>
<testsuite xmlns:xsi="http://www.w3.org/2001/XMLSchema-instance" xsi:noNamespaceSchemaLocation="https://maven.apache.org/surefire/maven-surefire-plugin/xsd/surefire-test-report.xsd" name="Test" time="0.004" tests="0" errors="0" skipped="0" failures="0">
  <properties>
    <property name="sun.desktop" value="windows"/>
    <property name="awt.toolkit" value="sun.awt.windows.WToolkit"/>
    <property name="file.encoding.pkg" value="sun.io"/>
    <property name="java.specification.version" value="1.8"/>
    <property name="sun.cpu.isalist" value="amd64"/>
    <property name="sun.jnu.encoding" value="GBK"/>
    <property name="java.class.path" value="D:\github_code\zwj\pay-all\pay-common\target\test-classes;D:\github_code\zwj\pay-all\pay-common\target\classes;D:\maven-down-iot\org\springframework\boot\spring-boot-starter-redis\1.4.7.RELEASE\spring-boot-starter-redis-1.4.7.RELEASE.jar;D:\maven-down-iot\org\springframework\boot\spring-boot-starter\2.1.3.RELEASE\spring-boot-starter-2.1.3.RELEASE.jar;D:\maven-down-iot\org\springframework\boot\spring-boot\2.1.3.RELEASE\spring-boot-2.1.3.RELEASE.jar;D:\maven-down-iot\org\springframework\boot\spring-boot-autoconfigure\2.1.3.RELEASE\spring-boot-autoconfigure-2.1.3.RELEASE.jar;D:\maven-down-iot\org\springframework\boot\spring-boot-starter-logging\2.1.3.RELEASE\spring-boot-starter-logging-2.1.3.RELEASE.jar;D:\maven-down-iot\ch\qos\logback\logback-classic\1.2.3\logback-classic-1.2.3.jar;D:\maven-down-iot\ch\qos\logback\logback-core\1.2.3\logback-core-1.2.3.jar;D:\maven-down-iot\org\apache\logging\log4j\log4j-to-slf4j\2.11.2\log4j-to-slf4j-2.11.2.jar;D:\maven-down-iot\org\apache\logging\log4j\log4j-api\2.11.2\log4j-api-2.11.2.jar;D:\maven-down-iot\org\slf4j\jul-to-slf4j\1.7.25\jul-to-slf4j-1.7.25.jar;D:\maven-down-iot\javax\annotation\javax.annotation-api\1.3.2\javax.annotation-api-1.3.2.jar;D:\maven-down-iot\org\yaml\snakeyaml\1.23\snakeyaml-1.23.jar;D:\maven-down-iot\org\springframework\data\spring-data-redis\2.1.5.RELEASE\spring-data-redis-2.1.5.RELEASE.jar;D:\maven-down-iot\org\springframework\data\spring-data-keyvalue\2.1.5.RELEASE\spring-data-keyvalue-2.1.5.RELEASE.jar;D:\maven-down-iot\org\springframework\spring-tx\5.1.5.RELEASE\spring-tx-5.1.5.RELEASE.jar;D:\maven-down-iot\org\springframework\spring-oxm\5.1.5.RELEASE\spring-oxm-5.1.5.RELEASE.jar;D:\maven-down-iot\org\springframework\spring-context-support\5.1.5.RELEASE\spring-context-support-5.1.5.RELEASE.jar;D:\maven-down-iot\redis\clients\jedis\2.9.1\jedis-2.9.1.jar;D:\maven-down-iot\org\apache\commons\commons-pool2\2.6.1\commons-pool2-2.6.1.jar;D:\maven-down-iot\org\apache\httpcomponents\httpclient\4.5.3\httpclient-4.5.3.jar;D:\maven-down-iot\org\apache\httpcomponents\httpcore\4.4.11\httpcore-4.4.11.jar;D:\maven-down-iot\commons-codec\commons-codec\1.11\commons-codec-1.11.jar;D:\github_code\zwj\pay-all\pay-model\target\pay-model-1.0-SNAPSHOT.jar;D:\maven-down-iot\com\github\pagehelper\pagehelper\5.1.2\pagehelper-5.1.2.jar;D:\maven-down-iot\com\github\jsqlparser\jsqlparser\1.0\jsqlparser-1.0.jar;D:\github_code\zwj\pay-all\pay-dao\target\pay-dao-1.0-SNAPSHOT.jar;D:\maven-down-iot\org\apache\tomcat\embed\tomcat-embed-core\9.0.16\tomcat-embed-core-9.0.16.jar;D:\maven-down-iot\org\apache\tomcat\tomcat-annotations-api\9.0.16\tomcat-annotations-api-9.0.16.jar;D:\maven-down-iot\org\jsoup\jsoup\1.12.1\jsoup-1.12.1.jar;D:\maven-down-iot\org\springframework\boot\spring-boot-starter-data-jpa\2.1.3.RELEASE\spring-boot-starter-data-jpa-2.1.3.RELEASE.jar;D:\maven-down-iot\org\springframework\boot\spring-boot-starter-aop\2.1.3.RELEASE\spring-boot-starter-aop-2.1.3.RELEASE.jar;D:\maven-down-iot\org\aspectj\aspectjweaver\1.9.2\aspectjweaver-1.9.2.jar;D:\maven-down-iot\org\springframework\boot\spring-boot-starter-jdbc\2.1.3.RELEASE\spring-boot-starter-jdbc-2.1.3.RELEASE.jar;D:\maven-down-iot\com\zaxxer\HikariCP\3.2.0\HikariCP-3.2.0.jar;D:\maven-down-iot\org\springframework\spring-jdbc\5.1.5.RELEASE\spring-jdbc-5.1.5.RELEASE.jar;D:\maven-down-iot\javax\transaction\javax.transaction-api\1.3\javax.transaction-api-1.3.jar;D:\maven-down-iot\javax\xml\bind\jaxb-api\2.3.1\jaxb-api-2.3.1.jar;D:\maven-down-iot\javax\activation\javax.activation-api\1.2.0\javax.activation-api-1.2.0.jar;D:\maven-down-iot\org\hibernate\hibernate-core\5.3.7.Final\hibernate-core-5.3.7.Final.jar;D:\maven-down-iot\org\jboss\logging\jboss-logging\3.3.2.Final\jboss-logging-3.3.2.Final.jar;D:\maven-down-iot\javax\persistence\javax.persistence-api\2.2\javax.persistence-api-2.2.jar;D:\maven-down-iot\org\javassist\javassist\3.23.1-GA\javassist-3.23.1-GA.jar;D:\maven-down-iot\net\bytebuddy\byte-buddy\1.9.10\byte-buddy-1.9.10.jar;D:\maven-down-iot\antlr\antlr\2.7.7\antlr-2.7.7.jar;D:\maven-down-iot\org\jboss\jandex\2.0.5.Final\jandex-2.0.5.Final.jar;D:\maven-down-iot\com\fasterxml\classmate\1.4.0\classmate-1.4.0.jar;D:\maven-down-iot\org\dom4j\dom4j\2.1.1\dom4j-2.1.1.jar;D:\maven-down-iot\org\hibernate\common\hibernate-commons-annotations\5.0.4.Final\hibernate-commons-annotations-5.0.4.Final.jar;D:\maven-down-iot\org\springframework\data\spring-data-jpa\2.1.5.RELEASE\spring-data-jpa-2.1.5.RELEASE.jar;D:\maven-down-iot\org\springframework\data\spring-data-commons\2.1.5.RELEASE\spring-data-commons-2.1.5.RELEASE.jar;D:\maven-down-iot\org\springframework\spring-orm\5.1.5.RELEASE\spring-orm-5.1.5.RELEASE.jar;D:\maven-down-iot\org\springframework\spring-context\5.1.5.RELEASE\spring-context-5.1.5.RELEASE.jar;D:\maven-down-iot\org\springframework\spring-beans\5.1.5.RELEASE\spring-beans-5.1.5.RELEASE.jar;D:\maven-down-iot\org\springframework\spring-aspects\5.1.5.RELEASE\spring-aspects-5.1.5.RELEASE.jar;D:\maven-down-iot\org\springframework\boot\spring-boot-starter-security\2.1.3.RELEASE\spring-boot-starter-security-2.1.3.RELEASE.jar;D:\maven-down-iot\org\springframework\spring-aop\5.1.5.RELEASE\spring-aop-5.1.5.RELEASE.jar;D:\maven-down-iot\org\springframework\security\spring-security-config\5.1.4.RELEASE\spring-security-config-5.1.4.RELEASE.jar;D:\maven-down-iot\org\springframework\security\spring-security-core\5.1.4.RELEASE\spring-security-core-5.1.4.RELEASE.jar;D:\maven-down-iot\org\springframework\security\spring-security-web\5.1.4.RELEASE\spring-security-web-5.1.4.RELEASE.jar;D:\maven-down-iot\org\springframework\spring-expression\5.1.5.RELEASE\spring-expression-5.1.5.RELEASE.jar;D:\maven-down-iot\org\springframework\boot\spring-boot-starter-web\2.1.3.RELEASE\spring-boot-starter-web-2.1.3.RELEASE.jar;D:\maven-down-iot\org\springframework\boot\spring-boot-starter-json\2.1.3.RELEASE\spring-boot-starter-json-2.1.3.RELEASE.jar;D:\maven-down-iot\com\fasterxml\jackson\datatype\jackson-datatype-jdk8\2.9.8\jackson-datatype-jdk8-2.9.8.jar;D:\maven-down-iot\com\fasterxml\jackson\datatype\jackson-datatype-jsr310\2.9.8\jackson-datatype-jsr310-2.9.8.jar;D:\maven-down-iot\com\fasterxml\jackson\module\jackson-module-parameter-names\2.9.8\jackson-module-parameter-names-2.9.8.jar;D:\maven-down-iot\org\springframework\boot\spring-boot-starter-tomcat\2.1.3.RELEASE\spring-boot-starter-tomcat-2.1.3.RELEASE.jar;D:\maven-down-iot\org\apache\tomcat\embed\tomcat-embed-el\9.0.16\tomcat-embed-el-9.0.16.jar;D:\maven-down-iot\org\apache\tomcat\embed\tomcat-embed-websocket\9.0.16\tomcat-embed-websocket-9.0.16.jar;D:\maven-down-iot\org\hibernate\validator\hibernate-validator\6.0.14.Final\hibernate-validator-6.0.14.Final.jar;D:\maven-down-iot\org\springframework\spring-web\5.1.5.RELEASE\spring-web-5.1.5.RELEASE.jar;D:\maven-down-iot\org\springframework\spring-webmvc\5.1.5.RELEASE\spring-webmvc-5.1.5.RELEASE.jar;D:\maven-down-iot\org\projectlombok\lombok\1.18.2\lombok-1.18.2.jar;D:\maven-down-iot\tk\mybatis\mapper-spring-boot-starter\2.0.4\mapper-spring-boot-starter-2.0.4.jar;D:\maven-down-iot\org\mybatis\mybatis\3.4.6\mybatis-3.4.6.jar;D:\maven-down-iot\org\mybatis\mybatis-spring\1.3.2\mybatis-spring-1.3.2.jar;D:\maven-down-iot\tk\mybatis\mapper-core\1.0.5\mapper-core-1.0.5.jar;D:\maven-down-iot\tk\mybatis\mapper-base\1.0.5\mapper-base-1.0.5.jar;D:\maven-down-iot\tk\mybatis\mapper-weekend\1.1.4.1\mapper-weekend-1.1.4.1.jar;D:\maven-down-iot\tk\mybatis\mapper-spring\1.0.5\mapper-spring-1.0.5.jar;D:\maven-down-iot\tk\mybatis\mapper-extra\1.0.5\mapper-extra-1.0.5.jar;D:\maven-down-iot\tk\mybatis\mapper-spring-boot-autoconfigure\2.0.4\mapper-spring-boot-autoconfigure-2.0.4.jar;D:\maven-down-iot\com\alibaba\fastjson\1.2.49\fastjson-1.2.49.jar;D:\maven-down-iot\com\google\code\gson\gson\2.8.5\gson-2.8.5.jar;D:\maven-down-iot\io\jsonwebtoken\jjwt\0.9.1\jjwt-0.9.1.jar;D:\maven-down-iot\com\fasterxml\jackson\core\jackson-databind\2.9.8\jackson-databind-2.9.8.jar;D:\maven-down-iot\com\fasterxml\jackson\core\jackson-annotations\2.9.0\jackson-annotations-2.9.0.jar;D:\maven-down-iot\com\fasterxml\jackson\core\jackson-core\2.9.8\jackson-core-2.9.8.jar;D:\maven-down-iot\cn\hutool\hutool-all\4.0.5\hutool-all-4.0.5.jar;D:\maven-down-iot\cn\afterturn\easypoi-base\3.0.3\easypoi-base-3.0.3.jar;D:\maven-down-iot\org\apache\poi\poi\3.15\poi-3.15.jar;D:\maven-down-iot\org\apache\commons\commons-collections4\4.1\commons-collections4-4.1.jar;D:\maven-down-iot\org\apache\poi\poi-ooxml\3.15\poi-ooxml-3.15.jar;D:\maven-down-iot\com\github\virtuald\curvesapi\1.04\curvesapi-1.04.jar;D:\maven-down-iot\org\apache\poi\poi-ooxml-schemas\3.15\poi-ooxml-schemas-3.15.jar;D:\maven-down-iot\org\apache\xmlbeans\xmlbeans\2.6.0\xmlbeans-2.6.0.jar;D:\maven-down-iot\stax\stax-api\1.0.1\stax-api-1.0.1.jar;D:\maven-down-iot\com\google\guava\guava\16.0.1\guava-16.0.1.jar;D:\maven-down-iot\org\apache\commons\commons-lang3\3.8.1\commons-lang3-3.8.1.jar;D:\maven-down-iot\org\slf4j\slf4j-api\1.7.25\slf4j-api-1.7.25.jar;D:\maven-down-iot\javax\validation\validation-api\2.0.1.Final\validation-api-2.0.1.Final.jar;D:\maven-down-iot\cn\afterturn\easypoi-web\3.0.3\easypoi-web-3.0.3.jar;D:\maven-down-iot\org\springframework\spring-core\5.1.5.RELEASE\spring-core-5.1.5.RELEASE.jar;D:\maven-down-iot\org\springframework\spring-jcl\5.1.5.RELEASE\spring-jcl-5.1.5.RELEASE.jar;D:\maven-down-iot\cn\afterturn\easypoi-annotation\3.0.3\easypoi-annotation-3.0.3.jar;"/>
    <property name="java.vm.vendor" value="Oracle Corporation"/>
    <property name="sun.arch.data.model" value="64"/>
    <property name="user.variant" value=""/>
    <property name="java.vendor.url" value="http://java.oracle.com/"/>
    <property name="user.timezone" value="Asia/Shanghai"/>
    <property name="java.vm.specification.version" value="1.8"/>
    <property name="os.name" value="Windows 8.1"/>
    <property name="user.country" value="CN"/>
    <property name="sun.java.launcher" value="SUN_STANDARD"/>
    <property name="sun.boot.library.path" value="C:\Program Files\Java\jdk1.8.0_11\jre\bin"/>
    <property name="sun.java.command" value="C:\Users\89165\AppData\Local\Temp\surefire5890657597709898823\surefirebooter1553607440556553974.jar C:\Users\89165\AppData\Local\Temp\surefire5890657597709898823 2022-09-24T17-45-37_703-jvmRun1 surefire1728791466901040754tmp surefire_09038667434633324100tmp"/>
    <property name="surefire.test.class.path" value="D:\github_code\zwj\pay-all\pay-common\target\test-classes;D:\github_code\zwj\pay-all\pay-common\target\classes;D:\maven-down-iot\org\springframework\boot\spring-boot-starter-redis\1.4.7.RELEASE\spring-boot-starter-redis-1.4.7.RELEASE.jar;D:\maven-down-iot\org\springframework\boot\spring-boot-starter\2.1.3.RELEASE\spring-boot-starter-2.1.3.RELEASE.jar;D:\maven-down-iot\org\springframework\boot\spring-boot\2.1.3.RELEASE\spring-boot-2.1.3.RELEASE.jar;D:\maven-down-iot\org\springframework\boot\spring-boot-autoconfigure\2.1.3.RELEASE\spring-boot-autoconfigure-2.1.3.RELEASE.jar;D:\maven-down-iot\org\springframework\boot\spring-boot-starter-logging\2.1.3.RELEASE\spring-boot-starter-logging-2.1.3.RELEASE.jar;D:\maven-down-iot\ch\qos\logback\logback-classic\1.2.3\logback-classic-1.2.3.jar;D:\maven-down-iot\ch\qos\logback\logback-core\1.2.3\logback-core-1.2.3.jar;D:\maven-down-iot\org\apache\logging\log4j\log4j-to-slf4j\2.11.2\log4j-to-slf4j-2.11.2.jar;D:\maven-down-iot\org\apache\logging\log4j\log4j-api\2.11.2\log4j-api-2.11.2.jar;D:\maven-down-iot\org\slf4j\jul-to-slf4j\1.7.25\jul-to-slf4j-1.7.25.jar;D:\maven-down-iot\javax\annotation\javax.annotation-api\1.3.2\javax.annotation-api-1.3.2.jar;D:\maven-down-iot\org\yaml\snakeyaml\1.23\snakeyaml-1.23.jar;D:\maven-down-iot\org\springframework\data\spring-data-redis\2.1.5.RELEASE\spring-data-redis-2.1.5.RELEASE.jar;D:\maven-down-iot\org\springframework\data\spring-data-keyvalue\2.1.5.RELEASE\spring-data-keyvalue-2.1.5.RELEASE.jar;D:\maven-down-iot\org\springframework\spring-tx\5.1.5.RELEASE\spring-tx-5.1.5.RELEASE.jar;D:\maven-down-iot\org\springframework\spring-oxm\5.1.5.RELEASE\spring-oxm-5.1.5.RELEASE.jar;D:\maven-down-iot\org\springframework\spring-context-support\5.1.5.RELEASE\spring-context-support-5.1.5.RELEASE.jar;D:\maven-down-iot\redis\clients\jedis\2.9.1\jedis-2.9.1.jar;D:\maven-down-iot\org\apache\commons\commons-pool2\2.6.1\commons-pool2-2.6.1.jar;D:\maven-down-iot\org\apache\httpcomponents\httpclient\4.5.3\httpclient-4.5.3.jar;D:\maven-down-iot\org\apache\httpcomponents\httpcore\4.4.11\httpcore-4.4.11.jar;D:\maven-down-iot\commons-codec\commons-codec\1.11\commons-codec-1.11.jar;D:\github_code\zwj\pay-all\pay-model\target\pay-model-1.0-SNAPSHOT.jar;D:\maven-down-iot\com\github\pagehelper\pagehelper\5.1.2\pagehelper-5.1.2.jar;D:\maven-down-iot\com\github\jsqlparser\jsqlparser\1.0\jsqlparser-1.0.jar;D:\github_code\zwj\pay-all\pay-dao\target\pay-dao-1.0-SNAPSHOT.jar;D:\maven-down-iot\org\apache\tomcat\embed\tomcat-embed-core\9.0.16\tomcat-embed-core-9.0.16.jar;D:\maven-down-iot\org\apache\tomcat\tomcat-annotations-api\9.0.16\tomcat-annotations-api-9.0.16.jar;D:\maven-down-iot\org\jsoup\jsoup\1.12.1\jsoup-1.12.1.jar;D:\maven-down-iot\org\springframework\boot\spring-boot-starter-data-jpa\2.1.3.RELEASE\spring-boot-starter-data-jpa-2.1.3.RELEASE.jar;D:\maven-down-iot\org\springframework\boot\spring-boot-starter-aop\2.1.3.RELEASE\spring-boot-starter-aop-2.1.3.RELEASE.jar;D:\maven-down-iot\org\aspectj\aspectjweaver\1.9.2\aspectjweaver-1.9.2.jar;D:\maven-down-iot\org\springframework\boot\spring-boot-starter-jdbc\2.1.3.RELEASE\spring-boot-starter-jdbc-2.1.3.RELEASE.jar;D:\maven-down-iot\com\zaxxer\HikariCP\3.2.0\HikariCP-3.2.0.jar;D:\maven-down-iot\org\springframework\spring-jdbc\5.1.5.RELEASE\spring-jdbc-5.1.5.RELEASE.jar;D:\maven-down-iot\javax\transaction\javax.transaction-api\1.3\javax.transaction-api-1.3.jar;D:\maven-down-iot\javax\xml\bind\jaxb-api\2.3.1\jaxb-api-2.3.1.jar;D:\maven-down-iot\javax\activation\javax.activation-api\1.2.0\javax.activation-api-1.2.0.jar;D:\maven-down-iot\org\hibernate\hibernate-core\5.3.7.Final\hibernate-core-5.3.7.Final.jar;D:\maven-down-iot\org\jboss\logging\jboss-logging\3.3.2.Final\jboss-logging-3.3.2.Final.jar;D:\maven-down-iot\javax\persistence\javax.persistence-api\2.2\javax.persistence-api-2.2.jar;D:\maven-down-iot\org\javassist\javassist\3.23.1-GA\javassist-3.23.1-GA.jar;D:\maven-down-iot\net\bytebuddy\byte-buddy\1.9.10\byte-buddy-1.9.10.jar;D:\maven-down-iot\antlr\antlr\2.7.7\antlr-2.7.7.jar;D:\maven-down-iot\org\jboss\jandex\2.0.5.Final\jandex-2.0.5.Final.jar;D:\maven-down-iot\com\fasterxml\classmate\1.4.0\classmate-1.4.0.jar;D:\maven-down-iot\org\dom4j\dom4j\2.1.1\dom4j-2.1.1.jar;D:\maven-down-iot\org\hibernate\common\hibernate-commons-annotations\5.0.4.Final\hibernate-commons-annotations-5.0.4.Final.jar;D:\maven-down-iot\org\springframework\data\spring-data-jpa\2.1.5.RELEASE\spring-data-jpa-2.1.5.RELEASE.jar;D:\maven-down-iot\org\springframework\data\spring-data-commons\2.1.5.RELEASE\spring-data-commons-2.1.5.RELEASE.jar;D:\maven-down-iot\org\springframework\spring-orm\5.1.5.RELEASE\spring-orm-5.1.5.RELEASE.jar;D:\maven-down-iot\org\springframework\spring-context\5.1.5.RELEASE\spring-context-5.1.5.RELEASE.jar;D:\maven-down-iot\org\springframework\spring-beans\5.1.5.RELEASE\spring-beans-5.1.5.RELEASE.jar;D:\maven-down-iot\org\springframework\spring-aspects\5.1.5.RELEASE\spring-aspects-5.1.5.RELEASE.jar;D:\maven-down-iot\org\springframework\boot\spring-boot-starter-security\2.1.3.RELEASE\spring-boot-starter-security-2.1.3.RELEASE.jar;D:\maven-down-iot\org\springframework\spring-aop\5.1.5.RELEASE\spring-aop-5.1.5.RELEASE.jar;D:\maven-down-iot\org\springframework\security\spring-security-config\5.1.4.RELEASE\spring-security-config-5.1.4.RELEASE.jar;D:\maven-down-iot\org\springframework\security\spring-security-core\5.1.4.RELEASE\spring-security-core-5.1.4.RELEASE.jar;D:\maven-down-iot\org\springframework\security\spring-security-web\5.1.4.RELEASE\spring-security-web-5.1.4.RELEASE.jar;D:\maven-down-iot\org\springframework\spring-expression\5.1.5.RELEASE\spring-expression-5.1.5.RELEASE.jar;D:\maven-down-iot\org\springframework\boot\spring-boot-starter-web\2.1.3.RELEASE\spring-boot-starter-web-2.1.3.RELEASE.jar;D:\maven-down-iot\org\springframework\boot\spring-boot-starter-json\2.1.3.RELEASE\spring-boot-starter-json-2.1.3.RELEASE.jar;D:\maven-down-iot\com\fasterxml\jackson\datatype\jackson-datatype-jdk8\2.9.8\jackson-datatype-jdk8-2.9.8.jar;D:\maven-down-iot\com\fasterxml\jackson\datatype\jackson-datatype-jsr310\2.9.8\jackson-datatype-jsr310-2.9.8.jar;D:\maven-down-iot\com\fasterxml\jackson\module\jackson-module-parameter-names\2.9.8\jackson-module-parameter-names-2.9.8.jar;D:\maven-down-iot\org\springframework\boot\spring-boot-starter-tomcat\2.1.3.RELEASE\spring-boot-starter-tomcat-2.1.3.RELEASE.jar;D:\maven-down-iot\org\apache\tomcat\embed\tomcat-embed-el\9.0.16\tomcat-embed-el-9.0.16.jar;D:\maven-down-iot\org\apache\tomcat\embed\tomcat-embed-websocket\9.0.16\tomcat-embed-websocket-9.0.16.jar;D:\maven-down-iot\org\hibernate\validator\hibernate-validator\6.0.14.Final\hibernate-validator-6.0.14.Final.jar;D:\maven-down-iot\org\springframework\spring-web\5.1.5.RELEASE\spring-web-5.1.5.RELEASE.jar;D:\maven-down-iot\org\springframework\spring-webmvc\5.1.5.RELEASE\spring-webmvc-5.1.5.RELEASE.jar;D:\maven-down-iot\org\projectlombok\lombok\1.18.2\lombok-1.18.2.jar;D:\maven-down-iot\tk\mybatis\mapper-spring-boot-starter\2.0.4\mapper-spring-boot-starter-2.0.4.jar;D:\maven-down-iot\org\mybatis\mybatis\3.4.6\mybatis-3.4.6.jar;D:\maven-down-iot\org\mybatis\mybatis-spring\1.3.2\mybatis-spring-1.3.2.jar;D:\maven-down-iot\tk\mybatis\mapper-core\1.0.5\mapper-core-1.0.5.jar;D:\maven-down-iot\tk\mybatis\mapper-base\1.0.5\mapper-base-1.0.5.jar;D:\maven-down-iot\tk\mybatis\mapper-weekend\1.1.4.1\mapper-weekend-1.1.4.1.jar;D:\maven-down-iot\tk\mybatis\mapper-spring\1.0.5\mapper-spring-1.0.5.jar;D:\maven-down-iot\tk\mybatis\mapper-extra\1.0.5\mapper-extra-1.0.5.jar;D:\maven-down-iot\tk\mybatis\mapper-spring-boot-autoconfigure\2.0.4\mapper-spring-boot-autoconfigure-2.0.4.jar;D:\maven-down-iot\com\alibaba\fastjson\1.2.49\fastjson-1.2.49.jar;D:\maven-down-iot\com\google\code\gson\gson\2.8.5\gson-2.8.5.jar;D:\maven-down-iot\io\jsonwebtoken\jjwt\0.9.1\jjwt-0.9.1.jar;D:\maven-down-iot\com\fasterxml\jackson\core\jackson-databind\2.9.8\jackson-databind-2.9.8.jar;D:\maven-down-iot\com\fasterxml\jackson\core\jackson-annotations\2.9.0\jackson-annotations-2.9.0.jar;D:\maven-down-iot\com\fasterxml\jackson\core\jackson-core\2.9.8\jackson-core-2.9.8.jar;D:\maven-down-iot\cn\hutool\hutool-all\4.0.5\hutool-all-4.0.5.jar;D:\maven-down-iot\cn\afterturn\easypoi-base\3.0.3\easypoi-base-3.0.3.jar;D:\maven-down-iot\org\apache\poi\poi\3.15\poi-3.15.jar;D:\maven-down-iot\org\apache\commons\commons-collections4\4.1\commons-collections4-4.1.jar;D:\maven-down-iot\org\apache\poi\poi-ooxml\3.15\poi-ooxml-3.15.jar;D:\maven-down-iot\com\github\virtuald\curvesapi\1.04\curvesapi-1.04.jar;D:\maven-down-iot\org\apache\poi\poi-ooxml-schemas\3.15\poi-ooxml-schemas-3.15.jar;D:\maven-down-iot\org\apache\xmlbeans\xmlbeans\2.6.0\xmlbeans-2.6.0.jar;D:\maven-down-iot\stax\stax-api\1.0.1\stax-api-1.0.1.jar;D:\maven-down-iot\com\google\guava\guava\16.0.1\guava-16.0.1.jar;D:\maven-down-iot\org\apache\commons\commons-lang3\3.8.1\commons-lang3-3.8.1.jar;D:\maven-down-iot\org\slf4j\slf4j-api\1.7.25\slf4j-api-1.7.25.jar;D:\maven-down-iot\javax\validation\validation-api\2.0.1.Final\validation-api-2.0.1.Final.jar;D:\maven-down-iot\cn\afterturn\easypoi-web\3.0.3\easypoi-web-3.0.3.jar;D:\maven-down-iot\org\springframework\spring-core\5.1.5.RELEASE\spring-core-5.1.5.RELEASE.jar;D:\maven-down-iot\org\springframework\spring-jcl\5.1.5.RELEASE\spring-jcl-5.1.5.RELEASE.jar;D:\maven-down-iot\cn\afterturn\easypoi-annotation\3.0.3\easypoi-annotation-3.0.3.jar;"/>
    <property name="sun.cpu.endian" value="little"/>
    <property name="user.home" value="C:\Users\89165"/>
    <property name="user.language" value="zh"/>
    <property name="java.specification.vendor" value="Oracle Corporation"/>
    <property name="java.home" value="C:\Program Files\Java\jdk1.8.0_11\jre"/>
    <property name="basedir" value="D:\github_code\zwj\pay-all\pay-common"/>
    <property name="file.separator" value="\"/>
    <property name="line.separator" value="&#10;"/>
    <property name="java.vm.specification.vendor" value="Oracle Corporation"/>
    <property name="java.specification.name" value="Java Platform API Specification"/>
    <property name="java.awt.graphicsenv" value="sun.awt.Win32GraphicsEnvironment"/>
    <property name="surefire.real.class.path" value="C:\Users\89165\AppData\Local\Temp\surefire5890657597709898823\surefirebooter1553607440556553974.jar"/>
    <property name="sun.boot.class.path" value="C:\Program Files\Java\jdk1.8.0_11\jre\lib\resources.jar;C:\Program Files\Java\jdk1.8.0_11\jre\lib\rt.jar;C:\Program Files\Java\jdk1.8.0_11\jre\lib\sunrsasign.jar;C:\Program Files\Java\jdk1.8.0_11\jre\lib\jsse.jar;C:\Program Files\Java\jdk1.8.0_11\jre\lib\jce.jar;C:\Program Files\Java\jdk1.8.0_11\jre\lib\charsets.jar;C:\Program Files\Java\jdk1.8.0_11\jre\lib\jfr.jar;C:\Program Files\Java\jdk1.8.0_11\jre\classes"/>
    <property name="user.script" value=""/>
    <property name="sun.management.compiler" value="HotSpot 64-Bit Tiered Compilers"/>
    <property name="java.runtime.version" value="1.8.0_11-b12"/>
    <property name="user.name" value="89165"/>
    <property name="path.separator" value=";"/>
    <property name="os.version" value="6.3"/>
    <property name="java.endorsed.dirs" value="C:\Program Files\Java\jdk1.8.0_11\jre\lib\endorsed"/>
    <property name="java.runtime.name" value="Java(TM) SE Runtime Environment"/>
    <property name="file.encoding" value="GBK"/>
    <property name="java.vm.name" value="Java HotSpot(TM) 64-Bit Server VM"/>
    <property name="localRepository" value="D:\maven-down-iot"/>
    <property name="java.vendor.url.bug" value="http://bugreport.sun.com/bugreport/"/>
    <property name="java.io.tmpdir" value="C:\Users\89165\AppData\Local\Temp\"/>
    <property name="idea.version" value="2022.2.2"/>
    <property name="java.version" value="1.8.0_11"/>
    <property name="user.dir" value="D:\github_code\zwj\pay-all\pay-common"/>
    <property name="os.arch" value="amd64"/>
    <property name="java.vm.specification.name" value="Java Virtual Machine Specification"/>
    <property name="java.awt.printerjob" value="sun.awt.windows.WPrinterJob"/>
    <property name="sun.os.patch.level" value=""/>
    <property name="java.library.path" value="C:\Program Files\Java\jdk1.8.0_11\jre\bin;C:\Windows\Sun\Java\bin;C:\Windows\system32;C:\Windows;C:\Windows\system32;C:\Windows;C:\Windows\System32\Wbem;C:\Windows\System32\WindowsPowerShell\v1.0\;C:\Windows\System32\OpenSSH\;C:\Program Files (x86)\ZeroTier\One\;D:\magicbox\node-v16.17.1-win-x64;C:\Users\89165\AppData\Local\Microsoft\WindowsApps;;."/>
    <property name="java.vm.info" value="mixed mode"/>
    <property name="java.vendor" value="Oracle Corporation"/>
    <property name="java.vm.version" value="25.11-b03"/>
    <property name="java.ext.dirs" value="C:\Program Files\Java\jdk1.8.0_11\jre\lib\ext;C:\Windows\Sun\Java\lib\ext"/>
    <property name="sun.io.unicode.encoding" value="UnicodeLittle"/>
    <property name="maven.repo.local" value="D:\maven-down-iot"/>
    <property name="java.class.version" value="52.0"/>
  </properties>
</testsuite>